 -------------------------------------------------------------
 N=       10240 particles that reach the screen at z=  0.240125000000000      m
 E_L=   200000000.000000      V/m and dt=  1.000000000000000E-017 s
 Tiempo total:   98.8294030000000      s
 -------------------------------------------------------------
 N=      102400 particles that reach the screen at z=  0.240125000000000      m
 E_L=   300000000.000000      V/m and dt=  1.000000000000000E-017 s
 Tiempo total:   493.947739000000      s
 -------------------------------------------------------------
 N=      102400 particles that reach the screen at z=  0.240125000000000      m
 E_L=   500000000.000000      V/m and dt=  1.000000000000000E-017 s
 Tiempo total:   494.890824000000      s
 -------------------------------------------------------------
 N=      102400 particles that reach the screen at z=  0.240125000000000      m
 E_L=   1000000000.00000      V/m and dt=  1.000000000000000E-017 s
 Tiempo total:   496.148464000000      s
 -------------------------------------------------------------
 N=      102400 particles that reach the screen at z=  0.240125000000000      m
 E_L=   900000000.000000      V/m and dt=  1.000000000000000E-017 s
 Tiempo total:   494.300300000000      s
